 
 *** two cores ***
 
dataset: example-input
Max threads: 2
Section 1: 0.786189 sec
Section 2: 0.786387 sec
Scope execution time: 0.786391 sec
9999

real	0m0.909s
user	0m0.544s
sys	0m0.226s
 
dataset: 1000e-10000v
Max threads: 2
Section 1: 0.762314 sec
Section 2: 3.306988 sec
Scope execution time: 3.309790 sec
413

real	0m3.316s
user	0m5.499s
sys	0m0.101s
 
dataset: 2000e-50000v
Max threads: 2
Section 1: 0.468976 sec
Section 2: 15.712764 sec
Scope execution time: 15.724020 sec
187

real	0m15.728s
user	0m30.738s
sys	0m0.108s
 
