 
 *** Eight cores *** 
 
dataset: example-input
Max threads: 8
Section 1: 0.782662 sec
Section 2: 0.783079 sec
Scope execution time: 0.783083 sec
17

real	0m0.853s
user	0m0.551s
sys	0m0.225s
 
dataset: 1000e-10000v
Max threads: 8
Section 1: 0.801184 sec
Section 2: 1.865334 sec
Scope execution time: 1.871544 sec
413

real	0m1.878s
user	0m8.017s
sys	0m0.139s
 
dataset: 2000e-50000v
Max threads: 8
Section 1: 0.711543 sec
Section 2: 6.941820 sec
Scope execution time: 6.967142 sec
187

real	0m6.974s
user	0m41.493s
sys	0m0.105s
 
